<?xml version="1.0" encoding="UTF-8"?>
<testsuite xmlns:xsi="http://www.w3.org/2001/XMLSchema-instance" xsi:noNamespaceSchemaLocation="https://maven.apache.org/surefire/maven-surefire-plugin/xsd/surefire-test-report-3.0.xsd" version="3.0" name="CalculationServiceTest" time="0.075" tests="4" errors="0" skipped="0" failures="0">
  <properties>
[...]
</properties>
  <testcase name="addedTrade_NullProfitLoss_TreatsAsZero" classname="CalculationServiceTest" time="0.036"/>
  <testcase name="addedProfitableTrade" classname="CalculationServiceTest" time="0.002"/>
  <testcase name="editedTrade_ModifiesCapitalCorrectly" classname="CalculationServiceTest" time="0.001"/>
  <testcase name="deletedTrade_RestoresPreviousCapital" classname="CalculationServiceTest" time="0.003"/>
</testsuite>